DEPRECATION WARNING: You didn't set config.secret_key_base. Read the upgrade documentation to learn more about this new config option. (called from service at C:/Ruby/Ruby200-x64/lib/ruby/2.0.0/webrick/httpserver.rb:138)
DEPRECATION WARNING: You didn't set config.secret_key_base. Read the upgrade documentation to learn more about this new config option. (called from service at C:/Ruby/Ruby200-x64/lib/ruby/2.0.0/webrick/httpserver.rb:138)
DEPRECATION WARNING: You didn't set config.secret_key_base. Read the upgrade documentation to learn more about this new config option. (called from service at C:/Ruby/Ruby200-x64/lib/ruby/2.0.0/webrick/httpserver.rb:138)
DEPRECATION WARNING: You didn't set config.secret_key_base. Read the upgrade documentation to learn more about this new config option. (called from service at C:/Ruby/Ruby200-x64/lib/ruby/2.0.0/webrick/httpserver.rb:138)
DEPRECATION WARNING: You didn't set config.secret_key_base. Read the upgrade documentation to learn more about this new config option. (called from service at C:/Ruby/Ruby200-x64/lib/ruby/2.0.0/webrick/httpserver.rb:138)
DEPRECATION WARNING: You didn't set config.secret_key_base. Read the upgrade documentation to learn more about this new config option. (called from service at C:/Ruby/Ruby200-x64/lib/ruby/2.0.0/webrick/httpserver.rb:138)
DEPRECATION WARNING: You didn't set config.secret_key_base. Read the upgrade documentation to learn more about this new config option. (called from service at C:/Ruby/Ruby200-x64/lib/ruby/2.0.0/webrick/httpserver.rb:138)
DEPRECATION WARNING: You didn't set config.secret_key_base. Read the upgrade documentation to learn more about this new config option. (called from service at C:/Ruby/Ruby200-x64/lib/ruby/2.0.0/webrick/httpserver.rb:138)
DEPRECATION WARNING: You didn't set config.secret_key_base. Read the upgrade documentation to learn more about this new config option. (called from service at C:/Ruby/Ruby200-x64/lib/ruby/2.0.0/webrick/httpserver.rb:138)
DEPRECATION WARNING: You didn't set config.secret_key_base. Read the upgrade documentation to learn more about this new config option. (called from service at C:/Ruby/Ruby200-x64/lib/ruby/2.0.0/webrick/httpserver.rb:138)
DEPRECATION WARNING: You didn't set config.secret_key_base. Read the upgrade documentation to learn more about this new config option. (called from service at C:/Ruby/Ruby200-x64/lib/ruby/2.0.0/webrick/httpserver.rb:138)
DEPRECATION WARNING: You didn't set config.secret_key_base. Read the upgrade documentation to learn more about this new config option. (called from service at C:/Ruby/Ruby200-x64/lib/ruby/2.0.0/webrick/httpserver.rb:138)
DEPRECATION WARNING: You didn't set config.secret_key_base. Read the upgrade documentation to learn more about this new config option. (called from service at C:/Ruby/Ruby200-x64/lib/ruby/2.0.0/webrick/httpserver.rb:138)
DEPRECATION WARNING: You didn't set config.secret_key_base. Read the upgrade documentation to learn more about this new config option. (called from service at C:/Ruby/Ruby200-x64/lib/ruby/2.0.0/webrick/httpserver.rb:138)
DEPRECATION WARNING: You didn't set config.secret_key_base. Read the upgrade documentation to learn more about this new config option. (called from service at C:/Ruby/Ruby200-x64/lib/ruby/2.0.0/webrick/httpserver.rb:138)
DEPRECATION WARNING: You didn't set config.secret_key_base. Read the upgrade documentation to learn more about this new config option. (called from service at C:/Ruby/Ruby200-x64/lib/ruby/2.0.0/webrick/httpserver.rb:138)
DEPRECATION WARNING: You didn't set config.secret_key_base. Read the upgrade documentation to learn more about this new config option. (called from service at C:/Ruby/Ruby200-x64/lib/ruby/2.0.0/webrick/httpserver.rb:138)
DEPRECATION WARNING: You didn't set config.secret_key_base. Read the upgrade documentation to learn more about this new config option. (called from service at C:/Ruby/Ruby200-x64/lib/ruby/2.0.0/webrick/httpserver.rb:138)
DEPRECATION WARNING: You didn't set config.secret_key_base. Read the upgrade documentation to learn more about this new config option. (called from service at C:/Ruby/Ruby200-x64/lib/ruby/2.0.0/webrick/httpserver.rb:138)
DEPRECATION WARNING: You didn't set config.secret_key_base. Read the upgrade documentation to learn more about this new config option. (called from service at C:/Ruby/Ruby200-x64/lib/ruby/2.0.0/webrick/httpserver.rb:138)


Started GET "/" for 127.0.0.1 at 2014-05-12 20:19:29 +0200

ActiveRecord::PendingMigrationError (Migrations are pending; run 'bin/rake db:migrate RAILS_ENV=development' to resolve this issue.):
  activerecord (4.0.3) lib/active_record/migration.rb:379:in `check_pending!'
  activerecord (4.0.3) lib/active_record/migration.rb:366:in `call'
  actionpack (4.0.3) lib/action_dispatch/middleware/callbacks.rb:29:in `block in call'
  activesupport (4.0.3) lib/active_support/callbacks.rb:373:in `_run__2003975953__call__callbacks'
  activesupport (4.0.3) lib/active_support/callbacks.rb:80:in `run_callbacks'
  actionpack (4.0.3) lib/action_dispatch/middleware/callbacks.rb:27:in `call'
  actionpack (4.0.3) lib/action_dispatch/middleware/reloader.rb:64:in `call'
  actionpack (4.0.3) lib/action_dispatch/middleware/remote_ip.rb:76:in `call'
  actionpack (4.0.3) lib/action_dispatch/middleware/debug_exceptions.rb:17:in `call'
  actionpack (4.0.3) lib/action_dispatch/middleware/show_exceptions.rb:30:in `call'
  railties (4.0.3) lib/rails/rack/logger.rb:38:in `call_app'
  railties (4.0.3) lib/rails/rack/logger.rb:20:in `block in call'
  activesupport (4.0.3) lib/active_support/tagged_logging.rb:67:in `block in tagged'
  activesupport (4.0.3) lib/active_support/tagged_logging.rb:25:in `tagged'
  activesupport (4.0.3) lib/active_support/tagged_logging.rb:67:in `tagged'
  railties (4.0.3) lib/rails/rack/logger.rb:20:in `call'
  actionpack (4.0.3) lib/action_dispatch/middleware/request_id.rb:21:in `call'
  rack (1.5.2) lib/rack/methodoverride.rb:21:in `call'
  rack (1.5.2) lib/rack/runtime.rb:17:in `call'
  activesupport (4.0.3) lib/active_support/cache/strategy/local_cache.rb:83:in `call'
  rack (1.5.2) lib/rack/lock.rb:17:in `call'
  actionpack (4.0.3) lib/action_dispatch/middleware/static.rb:64:in `call'
  rack (1.5.2) lib/rack/sendfile.rb:112:in `call'
  railties (4.0.3) lib/rails/engine.rb:511:in `call'
  railties (4.0.3) lib/rails/application.rb:97:in `call'
  rack (1.5.2) lib/rack/lock.rb:17:in `call'
  rack (1.5.2) lib/rack/content_length.rb:14:in `call'
  rack (1.5.2) lib/rack/handler/webrick.rb:60:in `service'
  C:/Ruby/Ruby200-x64/lib/ruby/2.0.0/webrick/httpserver.rb:138:in `service'
  C:/Ruby/Ruby200-x64/lib/ruby/2.0.0/webrick/httpserver.rb:94:in `run'
  C:/Ruby/Ruby200-x64/lib/ruby/2.0.0/webrick/server.rb:295:in `block in start_thread'


  Rendered C:/Ruby/Ruby200-x64/lib/ruby/gems/2.0.0/gems/actionpack-4.0.3/lib/action_dispatch/middleware/templates/rescues/_source.erb (1.9ms)
  Rendered C:/Ruby/Ruby200-x64/lib/ruby/gems/2.0.0/gems/actionpack-4.0.3/lib/action_dispatch/middleware/templates/rescues/_trace.erb (5.9ms)
  Rendered C:/Ruby/Ruby200-x64/lib/ruby/gems/2.0.0/gems/actionpack-4.0.3/lib/action_dispatch/middleware/templates/rescues/_request_and_response.erb (4.9ms)
  Rendered C:/Ruby/Ruby200-x64/lib/ruby/gems/2.0.0/gems/actionpack-4.0.3/lib/action_dispatch/middleware/templates/rescues/diagnostics.erb within rescues/layout (520.5ms)
  [1m[36m (65.4ms)[0m  [1mCREATE TABLE "schema_migrations" ("version" varchar(255) NOT NULL) [0m
  [1m[35m (67.4ms)[0m  CREATE UNIQUE INDEX "unique_schema_migrations" ON "schema_migrations" ("version")
  [1m[36mActiveRecord::SchemaMigration Load (3.9ms)[0m  [1mSELECT "schema_migrations".* FROM "schema_migrations"[0m
Migrating to CreateNotes (20140309120258)
  [1m[35m (1.0ms)[0m  begin transaction
  [1m[36m (5.9ms)[0m  [1mCREATE TABLE "notes" ("id" INTEGER PRIMARY KEY AUTOINCREMENT NOT NULL, "priority" varchar(255), "title" varchar(255), "description" text, "created_at" datetime, "updated_at" datetime) [0m
  [1m[35mSQL (2.0ms)[0m  INSERT INTO "schema_migrations" ("version") VALUES (?)  [["version", "20140309120258"]]
  [1m[36m (38.1ms)[0m  [1mcommit transaction[0m
Migrating to AddPhotoToNotes (20140310113205)
  [1m[35m (1.0ms)[0m  begin transaction
  [1m[36m (5.9ms)[0m  [1mALTER TABLE "notes" ADD "photo" varchar(255)[0m
  [1m[35mSQL (2.9ms)[0m  INSERT INTO "schema_migrations" ("version") VALUES (?)  [["version", "20140310113205"]]
  [1m[36m (30.3ms)[0m  [1mcommit transaction[0m
Migrating to AddCheckedToNotes (20140329192726)
  [1m[35m (0.0ms)[0m  begin transaction
  [1m[36m (5.9ms)[0m  [1mALTER TABLE "notes" ADD "checked" varchar(255)[0m
  [1m[35mSQL (1.0ms)[0m  INSERT INTO "schema_migrations" ("version") VALUES (?)  [["version", "20140329192726"]]
  [1m[36m (38.1ms)[0m  [1mcommit transaction[0m
  [1m[35mActiveRecord::SchemaMigration Load (2.0ms)[0m  SELECT "schema_migrations".* FROM "schema_migrations"
DEPRECATION WARNING: You didn't set config.secret_key_base. Read the upgrade documentation to learn more about this new config option. (called from service at C:/Ruby/Ruby200-x64/lib/ruby/2.0.0/webrick/httpserver.rb:138)
DEPRECATION WARNING: You didn't set config.secret_key_base. Read the upgrade documentation to learn more about this new config option. (called from service at C:/Ruby/Ruby200-x64/lib/ruby/2.0.0/webrick/httpserver.rb:138)
DEPRECATION WARNING: You didn't set config.secret_key_base. Read the upgrade documentation to learn more about this new config option. (called from service at C:/Ruby/Ruby200-x64/lib/ruby/2.0.0/webrick/httpserver.rb:138)
DEPRECATION WARNING: You didn't set config.secret_key_base. Read the upgrade documentation to learn more about this new config option. (called from service at C:/Ruby/Ruby200-x64/lib/ruby/2.0.0/webrick/httpserver.rb:138)
DEPRECATION WARNING: You didn't set config.secret_key_base. Read the upgrade documentation to learn more about this new config option. (called from service at C:/Ruby/Ruby200-x64/lib/ruby/2.0.0/webrick/httpserver.rb:138)
DEPRECATION WARNING: You didn't set config.secret_key_base. Read the upgrade documentation to learn more about this new config option. (called from service at C:/Ruby/Ruby200-x64/lib/ruby/2.0.0/webrick/httpserver.rb:138)
